0001.1999-12-10.farmer,0,-0.82098055207,-0.579818495253
0001.1999-12-10.kaminski,0,-0.82098055207,-0.579818495253
0001.2000-01-17.beck,0,-0.82098055207,-0.579818495253
0001.2000-06-06.lokay,0,-0.82098055207,-0.579818495253
0001.2001-02-07.kitchen,0,-0.82098055207,-0.579818495253
0001.2001-04-02.williams,0,-0.82098055207,-0.579818495253
0002.1999-12-13.farmer,0,-0.82098055207,-0.579818495253
0002.2001-02-07.kitchen,0,-0.82098055207,-0.579818495253
0002.2001-05-25.SA_and_HP,0,-0.82098055207,-0.579818495253
0002.2003-12-18.GP,0,-0.82098055207,-0.579818495253
0002.2004-08-01.BG,1,1.65166960826,1.16111090865
0003.1999-12-10.kaminski,0,-0.82098055207,-0.579818495253
0003.1999-12-14.farmer,0,-0.82098055207,-0.579818495253
0003.2000-01-17.beck,0,-0.82098055207,-0.579818495253
0003.2001-02-08.kitchen,0,-0.82098055207,-0.579818495253
0003.2003-12-18.GP,0,-0.82098055207,-0.579818495253
0003.2004-08-01.BG,0,-0.82098055207,-0.579818495253
0004.1999-12-10.kaminski,1,1.65166960826,1.16111090865
0004.1999-12-14.farmer,0,-0.82098055207,-0.579818495253
0004.2001-04-02.williams,0,-0.82098055207,-0.579818495253
0004.2001-06-12.SA_and_HP,0,-0.82098055207,-0.579818495253
0004.2004-08-01.BG,0,-0.82098055207,-0.579818495253
0005.1999-12-12.kaminski,1,1.65166960826,1.16111090865
0005.1999-12-14.farmer,0,-0.82098055207,-0.579818495253
0005.2000-06-06.lokay,0,-0.82098055207,-0.579818495253
0005.2001-02-08.kitchen,0,-0.82098055207,-0.579818495253
0005.2001-06-23.SA_and_HP,0,-0.82098055207,-0.579818495253
0005.2003-12-18.GP,0,-0.82098055207,-0.579818495253
0006.1999-12-13.kaminski,0,-0.82098055207,-0.579818495253
0006.2001-02-08.kitchen,0,-0.82098055207,-0.579818495253
0006.2001-04-03.williams,0,-0.82098055207,-0.579818495253
0006.2001-06-25.SA_and_HP,0,-0.82098055207,-0.579818495253
0006.2003-12-18.GP,0,-0.82098055207,-0.579818495253
0006.2004-08-01.BG,0,-0.82098055207,-0.579818495253
0007.1999-12-13.kaminski,0,-0.82098055207,-0.579818495253
0007.1999-12-14.farmer,0,-0.82098055207,-0.579818495253
0007.2000-01-17.beck,0,-0.82098055207,-0.579818495253
0007.2001-02-09.kitchen,0,-0.82098055207,-0.579818495253
0007.2003-12-18.GP,0,-0.82098055207,-0.579818495253
0007.2004-08-01.BG,0,-0.82098055207,-0.579818495253
0008.2001-02-09.kitchen,0,-0.82098055207,-0.579818495253
0008.2001-06-12.SA_and_HP,0,-0.82098055207,-0.579818495253
0008.2001-06-25.SA_and_HP,0,-0.82098055207,-0.579818495253
0008.2003-12-18.GP,0,-0.82098055207,-0.579818495253
0008.2004-08-01.BG,0,-0.82098055207,-0.579818495253
0009.1999-12-13.kaminski,0,-0.82098055207,-0.579818495253
0009.1999-12-14.farmer,0,-0.82098055207,-0.579818495253
0009.2000-06-07.lokay,0,-0.82098055207,-0.579818495253
0009.2001-02-09.kitchen,0,-0.82098055207,-0.579818495253
0009.2001-06-26.SA_and_HP,0,-0.82098055207,-0.579818495253
0009.2003-12-18.GP,1,1.65166960826,1.16111090865
0010.1999-12-14.farmer,0,-0.82098055207,-0.579818495253
0010.1999-12-14.kaminski,0,-0.82098055207,-0.579818495253
0010.2001-02-09.kitchen,0,-0.82098055207,-0.579818495253
0010.2001-06-28.SA_and_HP,1,1.65166960826,1.16111090865
0010.2003-12-18.GP,0,-0.82098055207,-0.579818495253
0010.2004-08-01.BG,0,-0.82098055207,-0.579818495253
0011.1999-12-14.farmer,0,-0.82098055207,-0.579818495253
0011.2001-06-28.SA_and_HP,1,1.65166960826,1.16111090865
0011.2001-06-29.SA_and_HP,0,-0.82098055207,-0.579818495253
0011.2003-12-18.GP,0,-0.82098055207,-0.579818495253
0011.2004-08-01.BG,0,-0.82098055207,-0.579818495253
0012.1999-12-14.farmer,0,-0.82098055207,-0.579818495253
0012.1999-12-14.kaminski,0,-0.82098055207,-0.579818495253
0012.2000-01-17.beck,0,-0.82098055207,-0.579818495253
0012.2000-06-08.lokay,0,-0.82098055207,-0.579818495253
0012.2001-02-09.kitchen,0,-0.82098055207,-0.579818495253
0012.2003-12-19.GP,0,-0.82098055207,-0.579818495253
0013.1999-12-14.farmer,0,-0.82098055207,-0.579818495253
0013.1999-12-14.kaminski,0,-0.82098055207,-0.579818495253
0013.2001-04-03.williams,0,-0.82098055207,-0.579818495253
0013.2001-06-30.SA_and_HP,0,-0.82098055207,-0.579818495253
0013.2004-08-01.BG,1,1.65166960826,1.16111090865
0014.1999-12-14.kaminski,0,-0.82098055207,-0.579818495253
0014.1999-12-15.farmer,0,-0.82098055207,-0.579818495253
0014.2001-02-12.kitchen,0,-0.82098055207,-0.579818495253
0014.2001-07-04.SA_and_HP,0,-0.82098055207,-0.579818495253
0014.2003-12-19.GP,0,-0.82098055207,-0.579818495253
0014.2004-08-01.BG,0,-0.82098055207,-0.579818495253
0015.1999-12-14.kaminski,0,-0.82098055207,-0.579818495253
0015.1999-12-15.farmer,0,-0.82098055207,-0.579818495253
0015.2000-06-09.lokay,0,-0.82098055207,-0.579818495253
0015.2001-02-12.kitchen,0,-0.82098055207,-0.579818495253
0015.2001-07-05.SA_and_HP,0,-0.82098055207,-0.579818495253
0015.2003-12-19.GP,0,-0.82098055207,-0.579818495253
0016.1999-12-15.farmer,0,-0.82098055207,-0.579818495253
0016.2001-02-12.kitchen,0,-0.82098055207,-0.579818495253
0016.2001-07-05.SA_and_HP,0,-0.82098055207,-0.579818495253
0016.2001-07-06.SA_and_HP,0,-0.82098055207,-0.579818495253
0016.2003-12-19.GP,1,1.65166960826,1.16111090865
0016.2004-08-01.BG,0,-0.82098055207,-0.579818495253
0017.1999-12-14.kaminski,0,-0.82098055207,-0.579818495253
0017.2000-01-17.beck,0,-0.82098055207,-0.579818495253
0017.2001-04-03.williams,0,-0.82098055207,-0.579818495253
0017.2003-12-18.GP,0,-0.82098055207,-0.579818495253
0017.2004-08-01.BG,1,1.65166960826,1.16111090865
0017.2004-08-02.BG,0,-0.82098055207,-0.579818495253
0018.1999-12-14.kaminski,0,-0.82098055207,-0.579818495253
0018.2001-07-13.SA_and_HP,1,6.5969699289,4.64296971644
0018.2003-12-18.GP,1,1.65166960826,1.16111090865
